TN:
SF:contracts/FrensArt.sol
FN:24,FrensArt.renderTokenById
FNDA:2,FrensArt.renderTokenById
DA:25,2
DA:26,2
DA:27,2
DA:28,2
DA:29,2
DA:30,2
DA:31,2
DA:32,2
DA:33,2
DA:34,2
DA:62,2
FNF:1
FNH:1
LF:11
LH:11
BRF:0
BRH:0
end_of_record
TN:
SF:contracts/FrensLogo.sol
FN:9,FrensLogo.getLogo
FNDA:2,FrensLogo.getLogo
DA:10,2
FNF:1
FNH:1
LF:1
LH:1
BRF:0
BRH:0
end_of_record
TN:
SF:contracts/FrensMetaHelper.sol
FN:27,FrensMetaHelper.getDepositStringForId
FNDA:3,FrensMetaHelper.getDepositStringForId
DA:30,3
DA:31,3
FN:35,FrensMetaHelper.getEthDecimalString
FNDA:1,FrensMetaHelper.getEthDecimalString
DA:38,4
DA:39,4
DA:40,4
DA:42,4
BRDA:42,0,0,4
BRDA:42,0,1,4
DA:43,4
BRDA:43,1,0,4
BRDA:43,1,1,4
DA:44,4
FN:48,FrensMetaHelper.getPoolString
FNDA:2,FrensMetaHelper.getPoolString
DA:49,2
DA:50,2
FN:53,FrensMetaHelper._iToHex
FNDA:0,FrensMetaHelper._iToHex
DA:57,0
DA:58,0
DA:59,0
DA:60,0
DA:61,0
DA:63,0
FN:68,FrensMetaHelper.getEns
FNDA:0,FrensMetaHelper.getEns
DA:69,0
DA:70,0
DA:71,0
DA:72,0
BRDA:72,2,0,-
BRDA:72,2,1,-
DA:73,0
DA:74,0
FN:77,FrensMetaHelper._node
FNDA:0,FrensMetaHelper._node
DA:78,0
DA:79,0
DA:80,0
FN:85,FrensMetaHelper.sha3HexAddress
FNDA:0,FrensMetaHelper.sha3HexAddress
DA:104,0
FNF:7
FNH:3
LF:26
LH:10
BRF:6
BRH:4
end_of_record
TN:
SF:contracts/FrensOracle.sol
FN:24,FrensOracle.checkValidatorState
FNDA:1038,FrensOracle.checkValidatorState
DA:25,1038
DA:26,1038
DA:27,1038
FN:31,FrensOracle.setExiting
FNDA:2,FrensOracle.setExiting
DA:32,2
BRDA:32,0,0,1
BRDA:32,0,1,1
DA:33,1
FNF:2
FNH:2
LF:5
LH:5
BRF:2
BRH:2
end_of_record
TN:
SF:contracts/FrensPoolShare.sol
FN:38,FrensPoolShare.mint
FNDA:4544,FrensPoolShare.mint
DA:39,4544
BRDA:39,0,0,2
BRDA:39,0,1,4542
DA:43,4542
DA:44,4542
DA:45,4542
FN:48,FrensPoolShare.exists
FNDA:1215,FrensPoolShare.exists
DA:49,1215
FN:52,FrensPoolShare.getPoolById
FNDA:261,FrensPoolShare.getPoolById
DA:53,262
FN:57,FrensPoolShare.getApproved
FNDA:510,FrensPoolShare.getApproved
DA:58,512
DA:59,512
DA:60,512
DA:61,512
DA:62,512
BRDA:62,1,0,-
BRDA:62,1,1,512
DA:63,0
DA:65,512
FN:70,FrensPoolShare.tokenURI
FNDA:1,FrensPoolShare.tokenURI
DA:73,1
DA:74,1
FN:77,FrensPoolShare.renderTokenById
FNDA:1,FrensPoolShare.renderTokenById
DA:78,1
DA:79,1
DA:80,1
FN:83,FrensPoolShare._beforeTokenTransfer
FNDA:4546,FrensPoolShare._beforeTokenTransfer
DA:89,4546
DA:90,4546
DA:91,4546
BRDA:91,2,0,-
BRDA:91,2,1,4
DA:92,4
BRDA:92,3,0,-
BRDA:92,3,1,4
FN:96,FrensPoolShare.burn
FNDA:0,FrensPoolShare.burn
DA:97,0
BRDA:97,4,0,-
BRDA:97,4,1,-
DA:101,0
FN:104,FrensPoolShare.supportsInterface
FNDA:1,FrensPoolShare.supportsInterface
DA:113,1
FNF:9
FNH:8
LF:25
LH:22
BRF:10
BRH:5
end_of_record
TN:
SF:contracts/FrensPoolShareTokenURI.sol
FN:30,FrensPoolShareTokenURI.tokenURI
FNDA:1,FrensPoolShareTokenURI.tokenURI
DA:31,1
BRDA:31,0,0,-
BRDA:31,0,1,1
DA:32,1
DA:33,1
DA:34,1
DA:35,1
DA:36,1
DA:37,1
DA:40,1
DA:44,1
DA:47,1
DA:59,1
DA:64,1
DA:68,1
DA:69,1
FN:106,FrensPoolShareTokenURI.generateSVGofTokenById
FNDA:1,FrensPoolShareTokenURI.generateSVGofTokenById
DA:110,1
DA:111,1
DA:119,1
FNF:2
FNH:2
LF:17
LH:17
BRF:2
BRH:1
end_of_record
TN:
SF:contracts/FrensStorage.sol
FN:43,FrensStorage.getGuardian
FNDA:2,FrensStorage.getGuardian
DA:44,2
FN:48,FrensStorage.setGuardian
FNDA:0,FrensStorage.setGuardian
DA:50,0
FN:54,FrensStorage.confirmGuardian
FNDA:0,FrensStorage.confirmGuardian
DA:56,0
BRDA:56,0,0,-
BRDA:56,0,1,-
DA:58,0
DA:60,0
DA:61,0
DA:63,0
FN:67,FrensStorage.burnKeys
FNDA:0,FrensStorage.burnKeys
DA:69,0
BRDA:69,1,0,-
BRDA:69,1,1,-
DA:71,0
DA:73,0
DA:75,0
FN:80,FrensStorage.getAddress
FNDA:1052,FrensStorage.getAddress
DA:81,1052
FN:85,FrensStorage.getUint
FNDA:1,FrensStorage.getUint
DA:86,1
FN:90,FrensStorage.getBool
FNDA:0,FrensStorage.getBool
DA:91,0
FN:96,FrensStorage.setAddress
FNDA:0,FrensStorage.setAddress
DA:97,0
FN:107,FrensStorage.setUint
FNDA:0,FrensStorage.setUint
DA:108,0
FN:113,FrensStorage.setBool
FNDA:0,FrensStorage.setBool
DA:114,0
FN:120,FrensStorage.deleteAddress
FNDA:0,FrensStorage.deleteAddress
DA:121,0
FN:125,FrensStorage.deleteUint
FNDA:0,FrensStorage.deleteUint
DA:126,0
FN:130,FrensStorage.deleteBool
FNDA:0,FrensStorage.deleteBool
DA:131,0
FN:138,FrensStorage.addUint
FNDA:0,FrensStorage.addUint
DA:139,0
FN:144,FrensStorage.subUint
FNDA:0,FrensStorage.subUint
DA:145,0
FNF:15
FNH:3
LF:22
LH:3
BRF:4
BRH:0
end_of_record
TN:
SF:contracts/PmFont.sol
FN:9,PmFont.getPmFont
FNDA:2,PmFont.getPmFont
DA:10,2
FNF:1
FNH:1
LF:1
LH:1
BRF:0
BRH:0
end_of_record
TN:
SF:contracts/StakingPool.sol
FN:157,StakingPool.depositToPool
FNDA:5139,StakingPool.depositToPool
DA:164,4542
DA:165,4542
DA:166,4542
DA:167,4542
DA:168,4542
DA:169,4542
DA:170,4542
DA:171,4542
FN:176,StakingPool.addToDeposit
FNDA:1203,StakingPool.addToDeposit
DA:177,704
BRDA:177,0,0,-
BRDA:177,0,1,704
DA:178,704
DA:179,704
DA:180,704
FN:184,StakingPool.stake
FNDA:723,StakingPool.stake
DA:191,723
BRDA:191,1,0,1
BRDA:191,1,1,239
DA:192,240
BRDA:192,2,0,1
BRDA:192,2,1,239
DA:195,483
DA:202,721
FN:206,StakingPool.stake
FNDA:3,StakingPool.stake
DA:207,3
FN:210,StakingPool._stake
FNDA:724,StakingPool._stake
DA:211,724
BRDA:211,3,0,1
BRDA:211,3,1,723
DA:212,723
BRDA:212,4,0,-
BRDA:212,4,1,723
DA:213,723
BRDA:213,5,0,-
BRDA:213,5,1,723
DA:214,723
BRDA:214,6,0,-
BRDA:214,6,1,723
DA:215,723
DA:216,723
DA:222,723
FN:226,StakingPool.setPubKey
FNDA:1031,StakingPool.setPubKey
DA:232,1031
FN:240,StakingPool._setPubKey
FNDA:1514,StakingPool._setPubKey
DA:247,1514
DA:249,1514
BRDA:249,7,0,3
BRDA:249,7,1,1511
DA:254,1511
BRDA:254,8,0,-
BRDA:254,8,1,1026
DA:255,1027
BRDA:255,9,0,1
BRDA:255,9,1,1026
DA:256,1026
BRDA:256,10,0,-
BRDA:256,10,1,1026
DA:257,1026
DA:259,1510
BRDA:259,11,0,-
BRDA:259,11,1,1510
DA:260,1510
DA:261,1510
DA:262,1510
DA:263,1510
DA:264,1510
DA:265,1510
FN:270,StakingPool.withdraw
FNDA:386,StakingPool.withdraw
DA:271,386
BRDA:271,12,0,-
BRDA:271,12,1,386
DA:272,386
BRDA:272,13,0,215
BRDA:272,13,1,171
DA:273,171
DA:274,171
DA:275,171
DA:276,171
BRDA:276,14,0,-
BRDA:276,14,1,171
DA:277,171
FN:282,StakingPool.claim
FNDA:1838,StakingPool.claim
DA:283,1838
BRDA:283,15,0,559
BRDA:283,15,1,1279
DA:287,1279
BRDA:287,16,0,241
BRDA:287,16,1,1038
DA:292,1038
DA:293,1038
BRDA:293,17,0,-
BRDA:293,17,1,1
DA:294,1038
DA:295,1038
DA:296,1038
BRDA:296,18,0,-
BRDA:296,18,1,1
DA:297,1
DA:299,0
DA:301,1038
DA:303,1038
DA:304,1038
DA:306,1038
BRDA:306,19,0,-
BRDA:306,19,1,475
DA:307,693
DA:308,693
BRDA:308,20,0,-
BRDA:308,20,1,475
DA:309,475
DA:310,475
BRDA:310,21,0,-
BRDA:310,21,1,475
DA:312,693
DA:314,1038
DA:315,1038
DA:316,1038
BRDA:316,22,0,-
BRDA:316,22,1,1038
DA:317,1038
FN:322,StakingPool.getIdsInThisPool
FNDA:0,StakingPool.getIdsInThisPool
DA:323,0
FN:327,StakingPool.getShare
FNDA:0,StakingPool.getShare
DA:328,0
FN:331,StakingPool._getShare
FNDA:1418,StakingPool._getShare
DA:332,1418
BRDA:332,23,0,-
BRDA:332,23,1,1418
DA:333,1418
DA:334,1418
DA:335,1418
DA:336,1418
BRDA:336,24,0,406
BRDA:336,24,1,1012
DA:337,1012
DA:338,1012
FN:343,StakingPool.getDistributableShare
FNDA:381,StakingPool.getDistributableShare
DA:344,381
BRDA:344,25,0,1
BRDA:344,25,1,380
DA:345,1
DA:347,380
DA:348,380
BRDA:348,26,0,380
BRDA:348,26,1,380
DA:349,380
DA:350,380
DA:352,380
FN:357,StakingPool.getState
FNDA:2,StakingPool.getState
DA:358,2
BRDA:358,27,0,-
BRDA:358,27,1,2
DA:359,0
DA:360,2
BRDA:360,28,0,-
BRDA:360,28,1,2
DA:361,2
BRDA:361,29,0,1
BRDA:361,29,1,1
DA:362,1
DA:363,1
BRDA:363,30,0,1
BRDA:363,30,1,-
DA:364,0
FN:367,StakingPool.owner
FNDA:3,StakingPool.owner
DA:373,1760
FN:376,StakingPool._toWithdrawalCred
FNDA:1514,StakingPool._toWithdrawalCred
DA:377,1514
DA:378,1514
FN:382,StakingPool.setArt
FNDA:0,StakingPool.setArt
DA:383,0
DA:384,0
DA:385,0
BRDA:385,31,0,-
BRDA:385,31,1,-
DA:386,0
FN:392,StakingPool.
FNDA:0,StakingPool.
FNF:18
FNH:14
LF:97
LH:88
BRF:64
BRH:43
end_of_record
TN:
SF:contracts/StakingPoolFactory.sol
FN:32,StakingPoolFactory.create
FNDA:1,StakingPoolFactory.create
DA:41,1
DA:47,1
DA:48,1
DA:49,1
FNF:1
FNH:1
LF:4
LH:4
BRF:0
BRH:0
end_of_record
TN:
SF:contracts/Waves.sol
FN:9,Waves.getWaves
FNDA:2,Waves.getWaves
DA:10,2
FNF:1
FNH:1
LF:1
LH:1
BRF:0
BRH:0
end_of_record
TN:
SF:test/foundry/TestHelper.sol
FN:17,BoolGetter.getBoolFromStorage
FNDA:0,BoolGetter.getBoolFromStorage
DA:18,0
FN:24,NftReceiver.onERC721Received
FNDA:1,NftReceiver.onERC721Received
DA:31,1
BRDA:31,0,0,1
BRDA:31,0,1,-
DA:32,0
BRDA:32,1,0,-
BRDA:32,1,1,-
DA:33,0
BRDA:33,2,0,-
BRDA:33,2,1,-
DA:34,0
FNF:2
FNH:1
LF:5
LH:1
BRF:6
BRH:1
end_of_record
