TN:
SF:contracts/FrensArt.sol
FN:24,FrensArt.renderTokenById
FNDA:3,FrensArt.renderTokenById
DA:25,3
DA:26,3
DA:27,3
DA:28,3
DA:29,3
DA:30,3
DA:31,3
DA:32,3
DA:33,3
DA:34,3
DA:62,3
FNF:1
FNH:1
LF:11
LH:11
BRF:0
BRH:0
end_of_record
TN:
SF:contracts/FrensLogo.sol
FN:9,FrensLogo.getLogo
FNDA:3,FrensLogo.getLogo
DA:10,3
FNF:1
FNH:1
LF:1
LH:1
BRF:0
BRH:0
end_of_record
TN:
SF:contracts/FrensMetaHelper.sol
FN:27,FrensMetaHelper.getDepositStringForId
FNDA:4,FrensMetaHelper.getDepositStringForId
DA:30,4
DA:31,4
FN:35,FrensMetaHelper.getEthDecimalString
FNDA:1,FrensMetaHelper.getEthDecimalString
DA:38,5
DA:39,5
DA:40,5
DA:42,5
BRDA:42,0,0,5
BRDA:42,0,1,5
DA:43,5
BRDA:43,1,0,5
BRDA:43,1,1,5
DA:44,5
FN:48,FrensMetaHelper.getPoolString
FNDA:3,FrensMetaHelper.getPoolString
DA:49,3
DA:50,3
FN:55,FrensMetaHelper.getEns
FNDA:0,FrensMetaHelper.getEns
DA:56,0
DA:57,0
DA:58,0
DA:59,0
BRDA:59,2,0,-
BRDA:59,2,1,-
DA:60,0
DA:61,0
FN:64,FrensMetaHelper._node
FNDA:0,FrensMetaHelper._node
DA:65,0
DA:66,0
DA:67,0
FN:72,FrensMetaHelper.sha3HexAddress
FNDA:0,FrensMetaHelper.sha3HexAddress
DA:91,0
FNF:6
FNH:3
LF:20
LH:10
BRF:6
BRH:4
end_of_record
TN:
SF:contracts/FrensOracle.sol
FN:24,FrensOracle.checkValidatorState
FNDA:1010,FrensOracle.checkValidatorState
DA:25,1010
DA:26,1010
DA:27,1010
FN:31,FrensOracle.setExiting
FNDA:2,FrensOracle.setExiting
DA:32,2
BRDA:32,0,0,1
BRDA:32,0,1,1
DA:33,1
FNF:2
FNH:2
LF:5
LH:5
BRF:2
BRH:2
end_of_record
TN:
SF:contracts/FrensPoolShare.sol
FN:38,FrensPoolShare.mint
FNDA:4494,FrensPoolShare.mint
DA:39,4494
BRDA:39,0,0,2
BRDA:39,0,1,4492
DA:43,4492
DA:44,4492
DA:45,4492
FN:48,FrensPoolShare.exists
FNDA:1204,FrensPoolShare.exists
DA:49,1204
FN:52,FrensPoolShare.getPoolById
FNDA:263,FrensPoolShare.getPoolById
DA:53,264
FN:57,FrensPoolShare.getApproved
FNDA:510,FrensPoolShare.getApproved
DA:58,512
DA:59,512
DA:60,512
DA:61,512
DA:62,512
BRDA:62,1,0,-
BRDA:62,1,1,512
DA:63,0
DA:65,512
FN:70,FrensPoolShare.tokenURI
FNDA:1,FrensPoolShare.tokenURI
DA:73,1
DA:74,1
FN:77,FrensPoolShare.renderTokenById
FNDA:1,FrensPoolShare.renderTokenById
DA:78,1
DA:79,1
DA:80,1
FN:83,FrensPoolShare._beforeTokenTransfer
FNDA:4497,FrensPoolShare._beforeTokenTransfer
DA:89,4497
DA:90,4497
DA:91,4497
BRDA:91,2,0,-
BRDA:91,2,1,4
DA:92,4
BRDA:92,3,0,-
BRDA:92,3,1,4
FN:96,FrensPoolShare.burn
FNDA:2,FrensPoolShare.burn
DA:97,2
BRDA:97,4,0,1
BRDA:97,4,1,1
DA:101,1
FN:104,FrensPoolShare.supportsInterface
FNDA:1,FrensPoolShare.supportsInterface
DA:113,1
FNF:9
FNH:9
LF:25
LH:24
BRF:10
BRH:7
end_of_record
TN:
SF:contracts/FrensPoolShareTokenURI.sol
FN:30,FrensPoolShareTokenURI.tokenURI
FNDA:1,FrensPoolShareTokenURI.tokenURI
DA:31,1
BRDA:31,0,0,-
BRDA:31,0,1,1
DA:32,1
DA:33,1
DA:34,1
DA:35,1
DA:36,1
DA:37,1
DA:40,1
DA:44,1
DA:47,1
DA:59,1
DA:64,1
DA:68,1
DA:69,1
FN:106,FrensPoolShareTokenURI.generateSVGofTokenById
FNDA:1,FrensPoolShareTokenURI.generateSVGofTokenById
DA:110,1
DA:111,1
DA:119,1
FNF:2
FNH:2
LF:17
LH:17
BRF:2
BRH:1
end_of_record
TN:
SF:contracts/FrensStorage.sol
FN:43,FrensStorage.getGuardian
FNDA:2,FrensStorage.getGuardian
DA:44,2
FN:48,FrensStorage.setGuardian
FNDA:2,FrensStorage.setGuardian
DA:50,1
FN:54,FrensStorage.confirmGuardian
FNDA:1,FrensStorage.confirmGuardian
DA:56,1
BRDA:56,0,0,-
BRDA:56,0,1,1
DA:58,1
DA:60,1
DA:61,1
DA:63,1
FN:67,FrensStorage.burnKeys
FNDA:1,FrensStorage.burnKeys
DA:69,1
BRDA:69,1,0,-
BRDA:69,1,1,1
DA:71,1
DA:73,1
DA:75,1
FN:80,FrensStorage.getAddress
FNDA:1028,FrensStorage.getAddress
DA:81,1028
FN:85,FrensStorage.getUint
FNDA:1,FrensStorage.getUint
DA:86,1
FN:90,FrensStorage.getBool
FNDA:1,FrensStorage.getBool
DA:91,1
FN:96,FrensStorage.setAddress
FNDA:0,FrensStorage.setAddress
DA:97,0
FN:107,FrensStorage.setUint
FNDA:0,FrensStorage.setUint
DA:108,0
FN:113,FrensStorage.setBool
FNDA:1,FrensStorage.setBool
DA:114,1
FN:120,FrensStorage.deleteAddress
FNDA:1,FrensStorage.deleteAddress
DA:121,1
FN:125,FrensStorage.deleteUint
FNDA:1,FrensStorage.deleteUint
DA:126,1
FN:130,FrensStorage.deleteBool
FNDA:1,FrensStorage.deleteBool
DA:131,1
FN:138,FrensStorage.addUint
FNDA:1,FrensStorage.addUint
DA:139,1
FN:144,FrensStorage.subUint
FNDA:1,FrensStorage.subUint
DA:145,1
FNF:15
FNH:13
LF:22
LH:20
BRF:4
BRH:2
end_of_record
TN:
SF:contracts/PmFont.sol
FN:9,PmFont.getPmFont
FNDA:3,PmFont.getPmFont
DA:10,3
FNF:1
FNH:1
LF:1
LH:1
BRF:0
BRH:0
end_of_record
TN:
SF:contracts/StakingPool.sol
FN:157,StakingPool.depositToPool
FNDA:5138,StakingPool.depositToPool
DA:164,4492
DA:165,4492
DA:166,4492
DA:167,4492
DA:168,4492
DA:169,4492
DA:170,4492
DA:171,4492
FN:176,StakingPool.addToDeposit
FNDA:1191,StakingPool.addToDeposit
DA:177,693
BRDA:177,0,0,-
BRDA:177,0,1,693
DA:178,693
DA:179,693
DA:180,693
FN:184,StakingPool.stake
FNDA:718,StakingPool.stake
DA:191,718
BRDA:191,1,0,1
BRDA:191,1,1,240
DA:192,241
BRDA:192,2,0,1
BRDA:192,2,1,240
DA:195,477
DA:202,716
FN:206,StakingPool.stake
FNDA:3,StakingPool.stake
DA:207,3
FN:210,StakingPool._stake
FNDA:719,StakingPool._stake
DA:211,719
BRDA:211,3,0,1
BRDA:211,3,1,718
DA:212,718
BRDA:212,4,0,-
BRDA:212,4,1,718
DA:213,718
BRDA:213,5,0,-
BRDA:213,5,1,718
DA:214,718
BRDA:214,6,0,-
BRDA:214,6,1,718
DA:215,718
DA:216,718
DA:222,718
FN:226,StakingPool.setPubKey
FNDA:1031,StakingPool.setPubKey
DA:232,1031
FN:240,StakingPool._setPubKey
FNDA:1508,StakingPool._setPubKey
DA:247,1508
DA:249,1508
BRDA:249,7,0,3
BRDA:249,7,1,1505
DA:254,1505
BRDA:254,8,0,-
BRDA:254,8,1,1026
DA:255,1027
BRDA:255,9,0,1
BRDA:255,9,1,1026
DA:256,1026
BRDA:256,10,0,-
BRDA:256,10,1,1026
DA:257,1026
DA:259,1504
BRDA:259,11,0,-
BRDA:259,11,1,1504
DA:260,1504
DA:261,1504
DA:262,1504
DA:263,1504
DA:264,1504
DA:265,1504
FN:270,StakingPool.withdraw
FNDA:354,StakingPool.withdraw
DA:271,354
BRDA:271,12,0,-
BRDA:271,12,1,354
DA:272,354
BRDA:272,13,0,202
BRDA:272,13,1,152
DA:273,152
DA:274,152
DA:275,152
DA:276,152
BRDA:276,14,0,-
BRDA:276,14,1,152
DA:277,152
FN:282,StakingPool.claim
FNDA:1793,StakingPool.claim
DA:283,1793
BRDA:283,15,0,539
BRDA:283,15,1,1254
DA:287,1254
BRDA:287,16,0,244
BRDA:287,16,1,1010
DA:292,1010
DA:293,1010
BRDA:293,17,0,-
BRDA:293,17,1,1
DA:294,1010
DA:295,1010
DA:296,1010
BRDA:296,18,0,-
BRDA:296,18,1,1
DA:297,1
DA:299,0
DA:301,1010
DA:303,1010
DA:304,1010
DA:306,1010
BRDA:306,19,0,-
BRDA:306,19,1,463
DA:307,647
DA:308,647
BRDA:308,20,0,-
BRDA:308,20,1,463
DA:309,463
DA:310,463
BRDA:310,21,0,-
BRDA:310,21,1,463
DA:312,647
DA:314,1010
DA:315,1010
DA:316,1010
BRDA:316,22,0,-
BRDA:316,22,1,1010
DA:317,1010
FN:322,StakingPool.getIdsInThisPool
FNDA:2,StakingPool.getIdsInThisPool
DA:323,2
FN:327,StakingPool.getShare
FNDA:178,StakingPool.getShare
DA:328,178
FN:331,StakingPool._getShare
FNDA:1532,StakingPool._getShare
DA:332,1532
BRDA:332,23,0,-
BRDA:332,23,1,1532
DA:333,1532
DA:334,1532
DA:335,1532
DA:336,1532
BRDA:336,24,0,362
BRDA:336,24,1,1170
DA:337,1170
DA:338,1170
FN:343,StakingPool.getDistributableShare
FNDA:345,StakingPool.getDistributableShare
DA:344,345
BRDA:344,25,0,1
BRDA:344,25,1,344
DA:345,1
DA:347,344
DA:348,344
BRDA:348,26,0,344
BRDA:348,26,1,344
DA:349,344
DA:350,344
DA:352,344
FN:357,StakingPool.getState
FNDA:258,StakingPool.getState
DA:358,258
BRDA:358,27,0,256
BRDA:358,27,1,2
DA:359,256
DA:360,2
BRDA:360,28,0,-
BRDA:360,28,1,2
DA:361,2
BRDA:361,29,0,1
BRDA:361,29,1,1
DA:362,1
DA:363,1
BRDA:363,30,0,1
BRDA:363,30,1,-
DA:364,0
FN:367,StakingPool.owner
FNDA:3,StakingPool.owner
DA:373,1756
FN:376,StakingPool._toWithdrawalCred
FNDA:1508,StakingPool._toWithdrawalCred
DA:377,1508
DA:378,1508
FN:382,StakingPool.setArt
FNDA:1,StakingPool.setArt
DA:383,1
DA:384,1
DA:385,1
BRDA:385,31,0,-
BRDA:385,31,1,1
DA:386,1
FN:392,StakingPool.
FNDA:0,StakingPool.
FNF:18
FNH:17
LF:97
LH:95
BRF:64
BRH:45
end_of_record
TN:
SF:contracts/StakingPoolFactory.sol
FN:32,StakingPoolFactory.create
FNDA:1,StakingPoolFactory.create
DA:41,1
DA:47,1
DA:48,1
DA:49,1
FNF:1
FNH:1
LF:4
LH:4
BRF:0
BRH:0
end_of_record
TN:
SF:contracts/Waves.sol
FN:9,Waves.getWaves
FNDA:3,Waves.getWaves
DA:10,3
FNF:1
FNH:1
LF:1
LH:1
BRF:0
BRH:0
end_of_record
TN:
SF:test/foundry/TestHelper.sol
FN:24,NftReceiver.onERC721Received
FNDA:1,NftReceiver.onERC721Received
DA:31,1
BRDA:31,0,0,1
BRDA:31,0,1,-
DA:32,0
BRDA:32,1,0,-
BRDA:32,1,1,-
DA:33,0
BRDA:33,2,0,-
BRDA:33,2,1,-
DA:34,0
FN:17,BoolGetter.getBoolFromStorage
FNDA:0,BoolGetter.getBoolFromStorage
DA:18,0
FNF:2
FNH:1
LF:5
LH:1
BRF:6
BRH:1
end_of_record
